[2022-09-30 10:07:52,858] {taskinstance.py:1159} INFO - Dependencies all met for <TaskInstance: first_sample_dag.print_hello_world manual__2022-09-30T10:07:51.070414+00:00 [queued]>
[2022-09-30 10:07:52,878] {taskinstance.py:1159} INFO - Dependencies all met for <TaskInstance: first_sample_dag.print_hello_world manual__2022-09-30T10:07:51.070414+00:00 [queued]>
[2022-09-30 10:07:52,879] {taskinstance.py:1356} INFO - 
--------------------------------------------------------------------------------
[2022-09-30 10:07:52,880] {taskinstance.py:1357} INFO - Starting attempt 1 of 1
[2022-09-30 10:07:52,881] {taskinstance.py:1358} INFO - 
--------------------------------------------------------------------------------
[2022-09-30 10:07:52,911] {taskinstance.py:1377} INFO - Executing <Task(BashOperator): print_hello_world> on 2022-09-30 10:07:51.070414+00:00
[2022-09-30 10:07:52,923] {standard_task_runner.py:52} INFO - Started process 200 to run task
[2022-09-30 10:07:52,929] {standard_task_runner.py:79} INFO - Running: ['***', 'tasks', 'run', 'first_sample_dag', 'print_hello_world', 'manual__2022-09-30T10:07:51.070414+00:00', '--job-id', '2', '--raw', '--subdir', 'DAGS_FOLDER/sample_dag.py', '--cfg-path', '/tmp/tmph8t0por7', '--error-file', '/tmp/tmppy5tdxyf']
[2022-09-30 10:07:52,936] {standard_task_runner.py:80} INFO - Job 2: Subtask print_hello_world
[2022-09-30 10:07:53,062] {task_command.py:369} INFO - Running <TaskInstance: first_sample_dag.print_hello_world manual__2022-09-30T10:07:51.070414+00:00 [running]> on host 92263e045b22
[2022-09-30 10:07:53,191] {taskinstance.py:1571} INFO - Exporting the following env vars:
AIRFLOW_CTX_DAG_OWNER=***
AIRFLOW_CTX_DAG_ID=first_sample_dag
AIRFLOW_CTX_TASK_ID=print_hello_world
AIRFLOW_CTX_EXECUTION_DATE=2022-09-30T10:07:51.070414+00:00
AIRFLOW_CTX_TRY_NUMBER=1
AIRFLOW_CTX_DAG_RUN_ID=manual__2022-09-30T10:07:51.070414+00:00
[2022-09-30 10:07:53,193] {subprocess.py:62} INFO - Tmp dir root location: 
 /tmp
[2022-09-30 10:07:53,195] {subprocess.py:74} INFO - Running command: ['bash', '-c', 'echo "HelloWorld!"']
[2022-09-30 10:07:53,213] {subprocess.py:85} INFO - Output:
[2022-09-30 10:07:53,219] {subprocess.py:92} INFO - HelloWorld!
[2022-09-30 10:07:53,220] {subprocess.py:96} INFO - Command exited with return code 0
[2022-09-30 10:07:53,278] {taskinstance.py:1400} INFO - Marking task as SUCCESS. dag_id=first_sample_dag, task_id=print_hello_world, execution_date=20220930T100751, start_date=20220930T100752, end_date=20220930T100753
[2022-09-30 10:07:53,308] {local_task_job.py:156} INFO - Task exited with return code 0
[2022-09-30 10:07:53,356] {local_task_job.py:273} INFO - 1 downstream tasks scheduled from follow-on schedule check
